
   RuntimeException 

  Failed to listen on "tcp://0.0.0.0:8080": Address already in use (EADDRINUSE)

  at /home/ictuprod/app/attendance/vendor/react/socket/src/TcpServer.php:188
    184▕                 // @link https://3v4l.org/3qOBl
    185▕                 $errno = SocketServer::errno($errstr);
    186▕             }
    187▕ 
  ➜ 188▕             throw new \RuntimeException(
    189▕                 'Failed to listen on "' . $uri . '": ' . $errstr . SocketServer::errconst($errno),
    190▕                 $errno
    191▕             );
    192▕         }

      [2m+16 vendor frames [22m

  17  /home/ictuprod/app/attendance/artisan:13
      Illuminate\Foundation\Application::handleCommand()


   RuntimeException 

  Failed to listen on "tcp://0.0.0.0:8080": Address already in use (EADDRINUSE)

  at /home/ictuprod/app/attendance/vendor/react/socket/src/TcpServer.php:188
    184▕                 // @link https://3v4l.org/3qOBl
    185▕                 $errno = SocketServer::errno($errstr);
    186▕             }
    187▕ 
  ➜ 188▕             throw new \RuntimeException(
    189▕                 'Failed to listen on "' . $uri . '": ' . $errstr . SocketServer::errconst($errno),
    190▕                 $errno
    191▕             );
    192▕         }

      [2m+16 vendor frames [22m

  17  /home/ictuprod/app/attendance/artisan:13
      Illuminate\Foundation\Application::handleCommand()


   RuntimeException 

  Failed to listen on "tcp://0.0.0.0:8080": Address already in use (EADDRINUSE)

  at /home/ictuprod/app/attendance/vendor/react/socket/src/TcpServer.php:188
    184▕                 // @link https://3v4l.org/3qOBl
    185▕                 $errno = SocketServer::errno($errstr);
    186▕             }
    187▕ 
  ➜ 188▕             throw new \RuntimeException(
    189▕                 'Failed to listen on "' . $uri . '": ' . $errstr . SocketServer::errconst($errno),
    190▕                 $errno
    191▕             );
    192▕         }

      [2m+16 vendor frames [22m

  17  /home/ictuprod/app/attendance/artisan:13
      Illuminate\Foundation\Application::handleCommand()


   RuntimeException 

  Failed to listen on "tcp://0.0.0.0:8080": Address already in use (EADDRINUSE)

  at /home/ictuprod/app/attendance/vendor/react/socket/src/TcpServer.php:188
    184▕                 // @link https://3v4l.org/3qOBl
    185▕                 $errno = SocketServer::errno($errstr);
    186▕             }
    187▕ 
  ➜ 188▕             throw new \RuntimeException(
    189▕                 'Failed to listen on "' . $uri . '": ' . $errstr . SocketServer::errconst($errno),
    190▕                 $errno
    191▕             );
    192▕         }

      [2m+16 vendor frames [22m

  17  /home/ictuprod/app/attendance/artisan:13
      Illuminate\Foundation\Application::handleCommand()


   RuntimeException 

  Failed to listen on "tcp://0.0.0.0:8080": Address already in use (EADDRINUSE)

  at /home/ictuprod/app/attendance/vendor/react/socket/src/TcpServer.php:188
    184▕                 // @link https://3v4l.org/3qOBl
    185▕                 $errno = SocketServer::errno($errstr);
    186▕             }
    187▕ 
  ➜ 188▕             throw new \RuntimeException(
    189▕                 'Failed to listen on "' . $uri . '": ' . $errstr . SocketServer::errconst($errno),
    190▕                 $errno
    191▕             );
    192▕         }

      [2m+16 vendor frames [22m

  17  /home/ictuprod/app/attendance/artisan:13
      Illuminate\Foundation\Application::handleCommand()


   RuntimeException 

  Failed to listen on "tcp://0.0.0.0:8080": Address already in use (EADDRINUSE)

  at /home/ictuprod/app/attendance/vendor/react/socket/src/TcpServer.php:188
    184▕                 // @link https://3v4l.org/3qOBl
    185▕                 $errno = SocketServer::errno($errstr);
    186▕             }
    187▕ 
  ➜ 188▕             throw new \RuntimeException(
    189▕                 'Failed to listen on "' . $uri . '": ' . $errstr . SocketServer::errconst($errno),
    190▕                 $errno
    191▕             );
    192▕         }

      [2m+16 vendor frames [22m

  17  /home/ictuprod/app/attendance/artisan:13
      Illuminate\Foundation\Application::handleCommand()


   RuntimeException 

  Failed to listen on "tcp://0.0.0.0:8080": Address already in use (EADDRINUSE)

  at /home/ictuprod/app/attendance/vendor/react/socket/src/TcpServer.php:188
    184▕                 // @link https://3v4l.org/3qOBl
    185▕                 $errno = SocketServer::errno($errstr);
    186▕             }
    187▕ 
  ➜ 188▕             throw new \RuntimeException(
    189▕                 'Failed to listen on "' . $uri . '": ' . $errstr . SocketServer::errconst($errno),
    190▕                 $errno
    191▕             );
    192▕         }

      [2m+16 vendor frames [22m

  17  /home/ictuprod/app/attendance/artisan:13
      Illuminate\Foundation\Application::handleCommand()


   RuntimeException 

  Failed to listen on "tcp://0.0.0.0:8080": Address already in use (EADDRINUSE)

  at /home/ictuprod/app/attendance/vendor/react/socket/src/TcpServer.php:188
    184▕                 // @link https://3v4l.org/3qOBl
    185▕                 $errno = SocketServer::errno($errstr);
    186▕             }
    187▕ 
  ➜ 188▕             throw new \RuntimeException(
    189▕                 'Failed to listen on "' . $uri . '": ' . $errstr . SocketServer::errconst($errno),
    190▕                 $errno
    191▕             );
    192▕         }

      [2m+16 vendor frames [22m

  17  /home/ictuprod/app/attendance/artisan:13
      Illuminate\Foundation\Application::handleCommand()


   RuntimeException 

  Failed to listen on "tcp://0.0.0.0:8080": Address already in use (EADDRINUSE)

  at /home/ictuprod/app/attendance/vendor/react/socket/src/TcpServer.php:188
    184▕                 // @link https://3v4l.org/3qOBl
    185▕                 $errno = SocketServer::errno($errstr);
    186▕             }
    187▕ 
  ➜ 188▕             throw new \RuntimeException(
    189▕                 'Failed to listen on "' . $uri . '": ' . $errstr . SocketServer::errconst($errno),
    190▕                 $errno
    191▕             );
    192▕         }

      [2m+16 vendor frames [22m

  17  /home/ictuprod/app/attendance/artisan:13
      Illuminate\Foundation\Application::handleCommand()


   RuntimeException 

  Failed to listen on "tcp://0.0.0.0:8080": Address already in use (EADDRINUSE)

  at /home/ictuprod/app/attendance/vendor/react/socket/src/TcpServer.php:188
    184▕                 // @link https://3v4l.org/3qOBl
    185▕                 $errno = SocketServer::errno($errstr);
    186▕             }
    187▕ 
  ➜ 188▕             throw new \RuntimeException(
    189▕                 'Failed to listen on "' . $uri . '": ' . $errstr . SocketServer::errconst($errno),
    190▕                 $errno
    191▕             );
    192▕         }

      [2m+16 vendor frames [22m

  17  /home/ictuprod/app/attendance/artisan:13
      Illuminate\Foundation\Application::handleCommand()


   RuntimeException 

  Failed to listen on "tcp://0.0.0.0:8080": Address already in use (EADDRINUSE)

  at /home/ictuprod/app/attendance/vendor/react/socket/src/TcpServer.php:188
    184▕                 // @link https://3v4l.org/3qOBl
    185▕                 $errno = SocketServer::errno($errstr);
    186▕             }
    187▕ 
  ➜ 188▕             throw new \RuntimeException(
    189▕                 'Failed to listen on "' . $uri . '": ' . $errstr . SocketServer::errconst($errno),
    190▕                 $errno
    191▕             );
    192▕         }

      [2m+16 vendor frames [22m

  17  /home/ictuprod/app/attendance/artisan:13
      Illuminate\Foundation\Application::handleCommand()


   RuntimeException 

  Failed to listen on "tcp://0.0.0.0:8080": Address already in use (EADDRINUSE)

  at /home/ictuprod/app/attendance/vendor/react/socket/src/TcpServer.php:188
    184▕                 // @link https://3v4l.org/3qOBl
    185▕                 $errno = SocketServer::errno($errstr);
    186▕             }
    187▕ 
  ➜ 188▕             throw new \RuntimeException(
    189▕                 'Failed to listen on "' . $uri . '": ' . $errstr . SocketServer::errconst($errno),
    190▕                 $errno
    191▕             );
    192▕         }

      [2m+16 vendor frames [22m

  17  /home/ictuprod/app/attendance/artisan:13
      Illuminate\Foundation\Application::handleCommand()


   RuntimeException 

  Failed to listen on "tcp://0.0.0.0:8080": Address already in use (EADDRINUSE)

  at /home/ictuprod/app/attendance/vendor/react/socket/src/TcpServer.php:188
    184▕                 // @link https://3v4l.org/3qOBl
    185▕                 $errno = SocketServer::errno($errstr);
    186▕             }
    187▕ 
  ➜ 188▕             throw new \RuntimeException(
    189▕                 'Failed to listen on "' . $uri . '": ' . $errstr . SocketServer::errconst($errno),
    190▕                 $errno
    191▕             );
    192▕         }

      [2m+16 vendor frames [22m

  17  /home/ictuprod/app/attendance/artisan:13
      Illuminate\Foundation\Application::handleCommand()


   RuntimeException 

  Failed to listen on "tcp://0.0.0.0:8080": Address already in use (EADDRINUSE)

  at /home/ictuprod/app/attendance/vendor/react/socket/src/TcpServer.php:188
    184▕                 // @link https://3v4l.org/3qOBl
    185▕                 $errno = SocketServer::errno($errstr);
    186▕             }
    187▕ 
  ➜ 188▕             throw new \RuntimeException(
    189▕                 'Failed to listen on "' . $uri . '": ' . $errstr . SocketServer::errconst($errno),
    190▕                 $errno
    191▕             );
    192▕         }

      [2m+16 vendor frames [22m

  17  /home/ictuprod/app/attendance/artisan:13
      Illuminate\Foundation\Application::handleCommand()


   RuntimeException 

  Failed to listen on "tcp://0.0.0.0:8080": Address already in use (EADDRINUSE)

  at /home/ictuprod/app/attendance/vendor/react/socket/src/TcpServer.php:188
    184▕                 // @link https://3v4l.org/3qOBl
    185▕                 $errno = SocketServer::errno($errstr);
    186▕             }
    187▕ 
  ➜ 188▕             throw new \RuntimeException(
    189▕                 'Failed to listen on "' . $uri . '": ' . $errstr . SocketServer::errconst($errno),
    190▕                 $errno
    191▕             );
    192▕         }

      [2m+16 vendor frames [22m

  17  /home/ictuprod/app/attendance/artisan:13
      Illuminate\Foundation\Application::handleCommand()


   RuntimeException 

  Failed to listen on "tcp://0.0.0.0:8080": Address already in use (EADDRINUSE)

  at /home/ictuprod/app/attendance/vendor/react/socket/src/TcpServer.php:188
    184▕                 // @link https://3v4l.org/3qOBl
    185▕                 $errno = SocketServer::errno($errstr);
    186▕             }
    187▕ 
  ➜ 188▕             throw new \RuntimeException(
    189▕                 'Failed to listen on "' . $uri . '": ' . $errstr . SocketServer::errconst($errno),
    190▕                 $errno
    191▕             );
    192▕         }

      [2m+16 vendor frames [22m

  17  /home/ictuprod/app/attendance/artisan:13
      Illuminate\Foundation\Application::handleCommand()


   INFO  Starting server on 0.0.0.0:8080 (attendance.ictudev.tech).  


   Illuminate\Database\QueryException 

  SQLSTATE[HY000] [2002] Connection refused (Connection: mysql, SQL: select * from `cache` where `key` in (laravel:reverb:restart))

  at /home/ictuprod/app/attendance/vendor/laravel/framework/src/Illuminate/Database/Connection.php:825
    821▕                     $this->getName(), $query, $this->prepareBindings($bindings), $e
    822▕                 );
    823▕             }
    824▕ 
  ➜ 825▕             throw new QueryException(
    826▕                 $this->getName(), $query, $this->prepareBindings($bindings), $e
    827▕             );
    828▕         }
    829▕     }

      [2m+43 vendor frames [22m

  44  /home/ictuprod/app/attendance/artisan:13
      Illuminate\Foundation\Application::handleCommand()


   Illuminate\Database\QueryException 

  SQLSTATE[HY000] [2002] Connection refused (Connection: mysql, SQL: select * from `cache` where `key` in (laravel:reverb:restart))

  at /home/ictuprod/app/attendance/vendor/laravel/framework/src/Illuminate/Database/Connection.php:825
    821▕                     $this->getName(), $query, $this->prepareBindings($bindings), $e
    822▕                 );
    823▕             }
    824▕ 
  ➜ 825▕             throw new QueryException(
    826▕                 $this->getName(), $query, $this->prepareBindings($bindings), $e
    827▕             );
    828▕         }
    829▕     }

      [2m+40 vendor frames [22m

  41  /home/ictuprod/app/attendance/artisan:13
      Illuminate\Foundation\Application::handleCommand()


   INFO  Gracefully terminating connections.  


   INFO  Starting server on 0.0.0.0:8080 (attendance.ictudev.tech).  

